Arguments: 
  C:\Users\venel\scoop\apps\nodejs-lts\current\node.exe C:\Users\venel\scoop\apps\yarn\current\Yarn\bin\yarn.js init

PATH: 
  C:\WINDOWS\system32;C:\WINDOWS;C:\WINDOWS\System32\Wbem;C:\WINDOWS\System32\WindowsPowerShell\v1.0\;C:\WINDOWS\System32\OpenSSH\;C:\Users\venel\scoop\apps\nodejs-lts\current\bin;C:\Users\venel\scoop\apps\nodejs-lts\current;C:\Users\venel\scoop\apps\yarn\current\Yarn\bin;C:\Users\venel\scoop\apps\yarn\current\global\node_modules\.bin;C:\Users\venel\scoop\shims;C:\Users\venel\AppData\Local\Microsoft\WindowsApps;C:\Users\venel\AppData\Local\Programs\Microsoft VS Code\bin

Yarn version: 
  1.22.4

Node version: 
  12.16.1

Platform: 
  win32 x64

Trace: 
  Error: canceled
      at Interface.<anonymous> (C:\Users\venel\scoop\apps\yarn\1.22.4\Yarn\lib\cli.js:137008:13)
      at Interface.emit (events.js:311:20)
      at Interface._ttyWrite (readline.js:893:16)
      at ReadStream.onkeypress (readline.js:198:10)
      at ReadStream.emit (events.js:311:20)
      at emitKeys (internal/readline/utils.js:438:14)
      at emitKeys.next (<anonymous>)
      at ReadStream.onData (readline.js:1160:36)
      at ReadStream.emit (events.js:311:20)
      at addChunk (_stream_readable.js:294:12)

npm manifest: 
  No manifest

yarn manifest: 
  No manifest

Lockfile: 
  # THIS IS AN AUTOGENERATED FILE. DO NOT EDIT THIS FILE DIRECTLY.
  # yarn lockfile v1
